<?xml version="1.0" encoding="UTF-8"?>
<!-- Generated by org.testng.reporters.JUnitReportReporter -->
<testsuite hostname="DESKTOP-SUBEHAT" failures="0" tests="2" name="testngdemo.priority" time="0.016" errors="0" timestamp="2021-02-02T14:48:31 IST" skipped="1">
  <testcase classname="testngdemo.priority" name="TC1" time="0.012"/>
  <system-out/>
  <testcase classname="testngdemo.priority" name="ABC1" time="0.004">
    <skipped/>
  </testcase> <!-- ABC1 -->
  <system-out/>
</testsuite> <!-- testngdemo.priority -->
